2024-04-12 12:59:56 [restartedMain] INFO  m.p.loansdao.LoansdaoApplication - Starting LoansdaoApplication using Java 1.8.0_292 on WPF45CTVS with PID 15856 (C:\DLTE-JAVAFULLSTACK-SHREYAMPOOJARY-2024\DLTE-Project\loansdao\target\classes started by xxpoojas in C:\DLTE-JAVAFULLSTACK-SHREYAMPOOJARY-2024\DLTE-Project\loansdao)
2024-04-12 12:59:56 [restartedMain] INFO  m.p.loansdao.LoansdaoApplication - No active profile set, falling back to 1 default profile: "default"
2024-04-12 12:59:57 [restartedMain] INFO  o.s.b.d.restart.ChangeableUrls - The Class-Path manifest attribute in C:\Users\xxpoojas\.m2\repository\com\oracle\database\security\oraclepki\21.5.0.0\oraclepki-21.5.0.0.jar referenced one or more files that do not exist: file:/C:/Users/xxpoojas/.m2/repository/com/oracle/database/security/oraclepki/21.5.0.0/osdt_core.jar,file:/C:/Users/xxpoojas/.m2/repository/com/oracle/database/security/oraclepki/21.5.0.0/osdt_cert.jar,file:/C:/Users/xxpoojas/.m2/repository/com/oracle/database/security/oraclepki/oracle.osdt/osdt_core.jar,file:/C:/Users/xxpoojas/.m2/repository/com/oracle/database/security/oraclepki/oracle.osdt/osdt_cert.jar
2024-04-12 12:59:57 [restartedMain] INFO  o.s.b.d.e.DevToolsPropertyDefaultsPostProcessor - Devtools property defaults active! Set 'spring.devtools.add-properties' to 'false' to disable
2024-04-12 12:59:57 [restartedMain] INFO  o.s.b.d.e.DevToolsPropertyDefaultsPostProcessor - For additional web related logging consider setting the 'logging.level.web' property to 'DEBUG'
2024-04-12 12:59:57 [restartedMain] INFO  o.s.d.r.c.RepositoryConfigurationDelegate - Bootstrapping Spring Data JDBC repositories in DEFAULT mode.
2024-04-12 12:59:57 [restartedMain] INFO  o.s.d.r.c.RepositoryConfigurationDelegate - Finished Spring Data repository scanning in 5 ms. Found 0 JDBC repository interfaces.
2024-04-12 12:59:57 [restartedMain] INFO  o.s.c.s.PostProcessorRegistrationDelegate$BeanPostProcessorChecker - Bean 'org.springframework.ws.config.annotation.DelegatingWsConfiguration' of type [org.springframework.ws.config.annotation.DelegatingWsConfiguration$$EnhancerBySpringCGLIB$$303795a7] is not eligible for getting processed by all BeanPostProcessors (for example: not eligible for auto-proxying)
2024-04-12 12:59:57 [restartedMain] INFO  o.s.w.s.a.s.AnnotationActionEndpointMapping - Supporting [WS-Addressing August 2004, WS-Addressing 1.0]
2024-04-12 12:59:57 [restartedMain] INFO  o.s.b.w.e.tomcat.TomcatWebServer - Tomcat initialized with port(s): 3001 (http)
2024-04-12 12:59:57 [restartedMain] INFO  o.a.catalina.core.StandardService - Starting service [Tomcat]
2024-04-12 12:59:57 [restartedMain] INFO  o.a.catalina.core.StandardEngine - Starting Servlet engine: [Apache Tomcat/9.0.73]
2024-04-12 12:59:58 [restartedMain] INFO  o.a.c.c.C.[Tomcat].[localhost].[/] - Initializing Spring embedded WebApplicationContext
2024-04-12 12:59:58 [restartedMain] INFO  o.s.b.w.s.c.ServletWebServerApplicationContext - Root WebApplicationContext: initialization completed in 1026 ms
2024-04-12 12:59:58 [restartedMain] INFO  com.zaxxer.hikari.HikariDataSource - HikariPool-1 - Starting...
2024-04-12 12:59:58 [restartedMain] WARN  c.z.hikari.util.DriverDataSource - Registered driver with driverClassName=oracle.jdbc.driver.OracleDriver was not found, trying direct instantiation.
2024-04-12 12:59:58 [restartedMain] INFO  com.zaxxer.hikari.pool.PoolBase - HikariPool-1 - Driver does not support get/set network timeout for connections. (oracle.jdbc.driver.T4CConnection.getNetworkTimeout()I)
2024-04-12 12:59:58 [restartedMain] INFO  com.zaxxer.hikari.HikariDataSource - HikariPool-1 - Start completed.
2024-04-12 12:59:58 [restartedMain] WARN  o.s.b.d.a.OptionalLiveReloadServer - Unable to start LiveReload server
2024-04-12 12:59:58 [restartedMain] WARN  o.s.b.w.s.c.AnnotationConfigServletWebServerApplicationContext - Exception encountered during context initialization - cancelling refresh attempt: org.springframework.context.ApplicationContextException: Failed to start bean 'webServerStartStop'; nested exception is org.springframework.boot.web.server.PortInUseException: Port 3001 is already in use
2024-04-12 12:59:58 [restartedMain] INFO  com.zaxxer.hikari.HikariDataSource - HikariPool-1 - Shutdown initiated...
2024-04-12 12:59:58 [restartedMain] INFO  com.zaxxer.hikari.HikariDataSource - HikariPool-1 - Shutdown completed.
2024-04-12 12:59:58 [restartedMain] INFO  o.a.catalina.core.StandardService - Stopping service [Tomcat]
2024-04-12 12:59:58 [restartedMain] INFO  o.s.b.a.l.ConditionEvaluationReportLoggingListener - 

Error starting ApplicationContext. To display the conditions report re-run your application with 'debug' enabled.
2024-04-12 12:59:58 [restartedMain] ERROR o.s.b.d.LoggingFailureAnalysisReporter - 

***************************
APPLICATION FAILED TO START
***************************

Description:

Web server failed to start. Port 3001 was already in use.

Action:

Identify and stop the process that's listening on port 3001 or configure this application to listen on another port.

2024-04-12 13:01:04 [restartedMain] INFO  m.p.loansdao.LoansdaoApplication - Starting LoansdaoApplication using Java 1.8.0_292 on WPF45CTVS with PID 26196 (C:\DLTE-JAVAFULLSTACK-SHREYAMPOOJARY-2024\DLTE-Project\loansdao\target\classes started by xxpoojas in C:\DLTE-JAVAFULLSTACK-SHREYAMPOOJARY-2024\DLTE-Project\loansdao)
2024-04-12 13:01:04 [restartedMain] INFO  m.p.loansdao.LoansdaoApplication - No active profile set, falling back to 1 default profile: "default"
2024-04-12 13:01:04 [restartedMain] INFO  o.s.b.d.restart.ChangeableUrls - The Class-Path manifest attribute in C:\Users\xxpoojas\.m2\repository\com\oracle\database\security\oraclepki\21.5.0.0\oraclepki-21.5.0.0.jar referenced one or more files that do not exist: file:/C:/Users/xxpoojas/.m2/repository/com/oracle/database/security/oraclepki/21.5.0.0/osdt_core.jar,file:/C:/Users/xxpoojas/.m2/repository/com/oracle/database/security/oraclepki/21.5.0.0/osdt_cert.jar,file:/C:/Users/xxpoojas/.m2/repository/com/oracle/database/security/oraclepki/oracle.osdt/osdt_core.jar,file:/C:/Users/xxpoojas/.m2/repository/com/oracle/database/security/oraclepki/oracle.osdt/osdt_cert.jar
2024-04-12 13:01:04 [restartedMain] INFO  o.s.b.d.e.DevToolsPropertyDefaultsPostProcessor - Devtools property defaults active! Set 'spring.devtools.add-properties' to 'false' to disable
2024-04-12 13:01:04 [restartedMain] INFO  o.s.b.d.e.DevToolsPropertyDefaultsPostProcessor - For additional web related logging consider setting the 'logging.level.web' property to 'DEBUG'
2024-04-12 13:01:04 [restartedMain] INFO  o.s.d.r.c.RepositoryConfigurationDelegate - Bootstrapping Spring Data JDBC repositories in DEFAULT mode.
2024-04-12 13:01:04 [restartedMain] INFO  o.s.d.r.c.RepositoryConfigurationDelegate - Finished Spring Data repository scanning in 6 ms. Found 0 JDBC repository interfaces.
2024-04-12 13:01:05 [restartedMain] INFO  o.s.c.s.PostProcessorRegistrationDelegate$BeanPostProcessorChecker - Bean 'org.springframework.ws.config.annotation.DelegatingWsConfiguration' of type [org.springframework.ws.config.annotation.DelegatingWsConfiguration$$EnhancerBySpringCGLIB$$ee65c9f2] is not eligible for getting processed by all BeanPostProcessors (for example: not eligible for auto-proxying)
2024-04-12 13:01:05 [restartedMain] INFO  o.s.w.s.a.s.AnnotationActionEndpointMapping - Supporting [WS-Addressing August 2004, WS-Addressing 1.0]
2024-04-12 13:01:05 [restartedMain] INFO  o.s.b.w.e.tomcat.TomcatWebServer - Tomcat initialized with port(s): 3001 (http)
2024-04-12 13:01:05 [restartedMain] INFO  o.a.catalina.core.StandardService - Starting service [Tomcat]
2024-04-12 13:01:05 [restartedMain] INFO  o.a.catalina.core.StandardEngine - Starting Servlet engine: [Apache Tomcat/9.0.73]
2024-04-12 13:01:05 [restartedMain] INFO  o.a.c.c.C.[Tomcat].[localhost].[/] - Initializing Spring embedded WebApplicationContext
2024-04-12 13:01:05 [restartedMain] INFO  o.s.b.w.s.c.ServletWebServerApplicationContext - Root WebApplicationContext: initialization completed in 965 ms
2024-04-12 13:01:05 [restartedMain] INFO  com.zaxxer.hikari.HikariDataSource - HikariPool-1 - Starting...
2024-04-12 13:01:05 [restartedMain] WARN  c.z.hikari.util.DriverDataSource - Registered driver with driverClassName=oracle.jdbc.driver.OracleDriver was not found, trying direct instantiation.
2024-04-12 13:01:05 [restartedMain] INFO  com.zaxxer.hikari.pool.PoolBase - HikariPool-1 - Driver does not support get/set network timeout for connections. (oracle.jdbc.driver.T4CConnection.getNetworkTimeout()I)
2024-04-12 13:01:05 [restartedMain] INFO  com.zaxxer.hikari.HikariDataSource - HikariPool-1 - Start completed.
2024-04-12 13:01:05 [restartedMain] WARN  o.s.b.d.a.OptionalLiveReloadServer - Unable to start LiveReload server
2024-04-12 13:01:05 [restartedMain] INFO  o.s.b.w.e.tomcat.TomcatWebServer - Tomcat started on port(s): 3001 (http) with context path ''
2024-04-12 13:01:05 [restartedMain] INFO  m.p.loansdao.LoansdaoApplication - Started LoansdaoApplication in 1.809 seconds (JVM running for 2.537)
2024-04-12 14:40:01 [restartedMain] INFO  m.p.loansdao.LoansdaoApplication - Starting LoansdaoApplication using Java 1.8.0_292 on WPF45CTVS with PID 7548 (C:\DLTE-JAVAFULLSTACK-SHREYAMPOOJARY-2024\DLTE-Project\loansdao\target\classes started by xxpoojas in C:\DLTE-JAVAFULLSTACK-SHREYAMPOOJARY-2024\DLTE-Project\loansdao)
2024-04-12 14:40:01 [restartedMain] INFO  m.p.loansdao.LoansdaoApplication - No active profile set, falling back to 1 default profile: "default"
2024-04-12 14:40:01 [restartedMain] INFO  o.s.b.d.restart.ChangeableUrls - The Class-Path manifest attribute in C:\Users\xxpoojas\.m2\repository\com\oracle\database\security\oraclepki\21.5.0.0\oraclepki-21.5.0.0.jar referenced one or more files that do not exist: file:/C:/Users/xxpoojas/.m2/repository/com/oracle/database/security/oraclepki/21.5.0.0/osdt_core.jar,file:/C:/Users/xxpoojas/.m2/repository/com/oracle/database/security/oraclepki/21.5.0.0/osdt_cert.jar,file:/C:/Users/xxpoojas/.m2/repository/com/oracle/database/security/oraclepki/oracle.osdt/osdt_core.jar,file:/C:/Users/xxpoojas/.m2/repository/com/oracle/database/security/oraclepki/oracle.osdt/osdt_cert.jar
2024-04-12 14:40:01 [restartedMain] INFO  o.s.b.d.e.DevToolsPropertyDefaultsPostProcessor - Devtools property defaults active! Set 'spring.devtools.add-properties' to 'false' to disable
2024-04-12 14:40:01 [restartedMain] INFO  o.s.b.d.e.DevToolsPropertyDefaultsPostProcessor - For additional web related logging consider setting the 'logging.level.web' property to 'DEBUG'
2024-04-12 14:40:02 [restartedMain] INFO  o.s.d.r.c.RepositoryConfigurationDelegate - Bootstrapping Spring Data JDBC repositories in DEFAULT mode.
2024-04-12 14:40:02 [restartedMain] INFO  o.s.d.r.c.RepositoryConfigurationDelegate - Finished Spring Data repository scanning in 9 ms. Found 0 JDBC repository interfaces.
2024-04-12 14:40:02 [restartedMain] INFO  o.s.c.s.PostProcessorRegistrationDelegate$BeanPostProcessorChecker - Bean 'org.springframework.ws.config.annotation.DelegatingWsConfiguration' of type [org.springframework.ws.config.annotation.DelegatingWsConfiguration$$EnhancerBySpringCGLIB$$f29436cd] is not eligible for getting processed by all BeanPostProcessors (for example: not eligible for auto-proxying)
2024-04-12 14:40:02 [restartedMain] INFO  o.s.w.s.a.s.AnnotationActionEndpointMapping - Supporting [WS-Addressing August 2004, WS-Addressing 1.0]
2024-04-12 14:40:03 [restartedMain] INFO  o.s.b.w.e.tomcat.TomcatWebServer - Tomcat initialized with port(s): 3001 (http)
2024-04-12 14:40:03 [restartedMain] INFO  o.a.catalina.core.StandardService - Starting service [Tomcat]
2024-04-12 14:40:03 [restartedMain] INFO  o.a.catalina.core.StandardEngine - Starting Servlet engine: [Apache Tomcat/9.0.73]
2024-04-12 14:40:03 [restartedMain] INFO  o.a.c.c.C.[Tomcat].[localhost].[/] - Initializing Spring embedded WebApplicationContext
2024-04-12 14:40:03 [restartedMain] INFO  o.s.b.w.s.c.ServletWebServerApplicationContext - Root WebApplicationContext: initialization completed in 1565 ms
2024-04-12 14:40:03 [restartedMain] INFO  com.zaxxer.hikari.HikariDataSource - HikariPool-1 - Starting...
2024-04-12 14:40:03 [restartedMain] WARN  c.z.hikari.util.DriverDataSource - Registered driver with driverClassName=oracle.jdbc.driver.OracleDriver was not found, trying direct instantiation.
2024-04-12 14:40:03 [restartedMain] INFO  com.zaxxer.hikari.pool.PoolBase - HikariPool-1 - Driver does not support get/set network timeout for connections. (oracle.jdbc.driver.T4CConnection.getNetworkTimeout()I)
2024-04-12 14:40:03 [restartedMain] INFO  com.zaxxer.hikari.HikariDataSource - HikariPool-1 - Start completed.
2024-04-12 14:40:03 [restartedMain] WARN  o.s.b.d.a.OptionalLiveReloadServer - Unable to start LiveReload server
2024-04-12 14:40:03 [restartedMain] INFO  o.s.b.w.e.tomcat.TomcatWebServer - Tomcat started on port(s): 3001 (http) with context path ''
2024-04-12 14:40:03 [restartedMain] INFO  m.p.loansdao.LoansdaoApplication - Started LoansdaoApplication in 2.784 seconds (JVM running for 3.937)
2024-04-12 15:17:44 [restartedMain] INFO  m.p.loansdao.LoansdaoApplication - Starting LoansdaoApplication using Java 1.8.0_292 on WPF45CTVS with PID 12252 (C:\DLTE-JAVAFULLSTACK-SHREYAMPOOJARY-2024\DLTE-Project\loansdao\target\classes started by xxpoojas in C:\DLTE-JAVAFULLSTACK-SHREYAMPOOJARY-2024\DLTE-Project\loansdao)
2024-04-12 15:17:44 [restartedMain] INFO  m.p.loansdao.LoansdaoApplication - No active profile set, falling back to 1 default profile: "default"
2024-04-12 15:17:44 [restartedMain] INFO  o.s.b.d.restart.ChangeableUrls - The Class-Path manifest attribute in C:\Users\xxpoojas\.m2\repository\com\oracle\database\security\oraclepki\21.5.0.0\oraclepki-21.5.0.0.jar referenced one or more files that do not exist: file:/C:/Users/xxpoojas/.m2/repository/com/oracle/database/security/oraclepki/21.5.0.0/osdt_core.jar,file:/C:/Users/xxpoojas/.m2/repository/com/oracle/database/security/oraclepki/21.5.0.0/osdt_cert.jar,file:/C:/Users/xxpoojas/.m2/repository/com/oracle/database/security/oraclepki/oracle.osdt/osdt_core.jar,file:/C:/Users/xxpoojas/.m2/repository/com/oracle/database/security/oraclepki/oracle.osdt/osdt_cert.jar
2024-04-12 15:17:44 [restartedMain] INFO  o.s.b.d.e.DevToolsPropertyDefaultsPostProcessor - Devtools property defaults active! Set 'spring.devtools.add-properties' to 'false' to disable
2024-04-12 15:17:44 [restartedMain] INFO  o.s.b.d.e.DevToolsPropertyDefaultsPostProcessor - For additional web related logging consider setting the 'logging.level.web' property to 'DEBUG'
2024-04-12 15:17:45 [restartedMain] INFO  o.s.d.r.c.RepositoryConfigurationDelegate - Bootstrapping Spring Data JDBC repositories in DEFAULT mode.
2024-04-12 15:17:45 [restartedMain] INFO  o.s.d.r.c.RepositoryConfigurationDelegate - Finished Spring Data repository scanning in 9 ms. Found 0 JDBC repository interfaces.
2024-04-12 15:17:45 [restartedMain] INFO  o.s.c.s.PostProcessorRegistrationDelegate$BeanPostProcessorChecker - Bean 'org.springframework.ws.config.annotation.DelegatingWsConfiguration' of type [org.springframework.ws.config.annotation.DelegatingWsConfiguration$$EnhancerBySpringCGLIB$$ae27e11d] is not eligible for getting processed by all BeanPostProcessors (for example: not eligible for auto-proxying)
2024-04-12 15:17:45 [restartedMain] INFO  o.s.w.s.a.s.AnnotationActionEndpointMapping - Supporting [WS-Addressing August 2004, WS-Addressing 1.0]
2024-04-12 15:17:45 [restartedMain] INFO  o.s.b.w.e.tomcat.TomcatWebServer - Tomcat initialized with port(s): 3001 (http)
2024-04-12 15:17:45 [restartedMain] INFO  o.a.catalina.core.StandardService - Starting service [Tomcat]
2024-04-12 15:17:45 [restartedMain] INFO  o.a.catalina.core.StandardEngine - Starting Servlet engine: [Apache Tomcat/9.0.73]
2024-04-12 15:17:45 [restartedMain] INFO  o.a.c.c.C.[Tomcat].[localhost].[/] - Initializing Spring embedded WebApplicationContext
2024-04-12 15:17:45 [restartedMain] INFO  o.s.b.w.s.c.ServletWebServerApplicationContext - Root WebApplicationContext: initialization completed in 1694 ms
2024-04-12 15:17:46 [restartedMain] INFO  com.zaxxer.hikari.HikariDataSource - HikariPool-1 - Starting...
2024-04-12 15:17:46 [restartedMain] WARN  c.z.hikari.util.DriverDataSource - Registered driver with driverClassName=oracle.jdbc.driver.OracleDriver was not found, trying direct instantiation.
2024-04-12 15:17:46 [restartedMain] INFO  com.zaxxer.hikari.pool.PoolBase - HikariPool-1 - Driver does not support get/set network timeout for connections. (oracle.jdbc.driver.T4CConnection.getNetworkTimeout()I)
2024-04-12 15:17:46 [restartedMain] INFO  com.zaxxer.hikari.HikariDataSource - HikariPool-1 - Start completed.
2024-04-12 15:17:46 [restartedMain] WARN  o.s.b.d.a.OptionalLiveReloadServer - Unable to start LiveReload server
2024-04-12 15:17:46 [restartedMain] WARN  o.s.b.w.s.c.AnnotationConfigServletWebServerApplicationContext - Exception encountered during context initialization - cancelling refresh attempt: org.springframework.context.ApplicationContextException: Failed to start bean 'webServerStartStop'; nested exception is org.springframework.boot.web.server.PortInUseException: Port 3001 is already in use
2024-04-12 15:17:46 [restartedMain] INFO  com.zaxxer.hikari.HikariDataSource - HikariPool-1 - Shutdown initiated...
2024-04-12 15:17:46 [restartedMain] INFO  com.zaxxer.hikari.HikariDataSource - HikariPool-1 - Shutdown completed.
2024-04-12 15:17:46 [restartedMain] INFO  o.a.catalina.core.StandardService - Stopping service [Tomcat]
2024-04-12 15:17:46 [restartedMain] INFO  o.s.b.a.l.ConditionEvaluationReportLoggingListener - 

Error starting ApplicationContext. To display the conditions report re-run your application with 'debug' enabled.
2024-04-12 15:17:46 [restartedMain] ERROR o.s.b.d.LoggingFailureAnalysisReporter - 

***************************
APPLICATION FAILED TO START
***************************

Description:

Web server failed to start. Port 3001 was already in use.

Action:

Identify and stop the process that's listening on port 3001 or configure this application to listen on another port.

2024-04-12 15:18:01 [restartedMain] INFO  m.p.loansdao.LoansdaoApplication - Starting LoansdaoApplication using Java 1.8.0_292 on WPF45CTVS with PID 18852 (C:\DLTE-JAVAFULLSTACK-SHREYAMPOOJARY-2024\DLTE-Project\loansdao\target\classes started by xxpoojas in C:\DLTE-JAVAFULLSTACK-SHREYAMPOOJARY-2024\DLTE-Project\loansdao)
2024-04-12 15:18:01 [restartedMain] INFO  m.p.loansdao.LoansdaoApplication - No active profile set, falling back to 1 default profile: "default"
2024-04-12 15:18:02 [restartedMain] INFO  o.s.b.d.restart.ChangeableUrls - The Class-Path manifest attribute in C:\Users\xxpoojas\.m2\repository\com\oracle\database\security\oraclepki\21.5.0.0\oraclepki-21.5.0.0.jar referenced one or more files that do not exist: file:/C:/Users/xxpoojas/.m2/repository/com/oracle/database/security/oraclepki/21.5.0.0/osdt_core.jar,file:/C:/Users/xxpoojas/.m2/repository/com/oracle/database/security/oraclepki/21.5.0.0/osdt_cert.jar,file:/C:/Users/xxpoojas/.m2/repository/com/oracle/database/security/oraclepki/oracle.osdt/osdt_core.jar,file:/C:/Users/xxpoojas/.m2/repository/com/oracle/database/security/oraclepki/oracle.osdt/osdt_cert.jar
2024-04-12 15:18:02 [restartedMain] INFO  o.s.b.d.e.DevToolsPropertyDefaultsPostProcessor - Devtools property defaults active! Set 'spring.devtools.add-properties' to 'false' to disable
2024-04-12 15:18:02 [restartedMain] INFO  o.s.b.d.e.DevToolsPropertyDefaultsPostProcessor - For additional web related logging consider setting the 'logging.level.web' property to 'DEBUG'
2024-04-12 15:18:02 [restartedMain] INFO  o.s.d.r.c.RepositoryConfigurationDelegate - Bootstrapping Spring Data JDBC repositories in DEFAULT mode.
2024-04-12 15:18:03 [restartedMain] INFO  o.s.d.r.c.RepositoryConfigurationDelegate - Finished Spring Data repository scanning in 11 ms. Found 0 JDBC repository interfaces.
2024-04-12 15:18:03 [restartedMain] INFO  o.s.c.s.PostProcessorRegistrationDelegate$BeanPostProcessorChecker - Bean 'org.springframework.ws.config.annotation.DelegatingWsConfiguration' of type [org.springframework.ws.config.annotation.DelegatingWsConfiguration$$EnhancerBySpringCGLIB$$ef85ab9] is not eligible for getting processed by all BeanPostProcessors (for example: not eligible for auto-proxying)
2024-04-12 15:18:03 [restartedMain] INFO  o.s.w.s.a.s.AnnotationActionEndpointMapping - Supporting [WS-Addressing August 2004, WS-Addressing 1.0]
2024-04-12 15:18:03 [restartedMain] INFO  o.s.b.w.e.tomcat.TomcatWebServer - Tomcat initialized with port(s): 3001 (http)
2024-04-12 15:18:03 [restartedMain] INFO  o.a.catalina.core.StandardService - Starting service [Tomcat]
2024-04-12 15:18:03 [restartedMain] INFO  o.a.catalina.core.StandardEngine - Starting Servlet engine: [Apache Tomcat/9.0.73]
2024-04-12 15:18:03 [restartedMain] INFO  o.a.c.c.C.[Tomcat].[localhost].[/] - Initializing Spring embedded WebApplicationContext
2024-04-12 15:18:03 [restartedMain] INFO  o.s.b.w.s.c.ServletWebServerApplicationContext - Root WebApplicationContext: initialization completed in 1672 ms
2024-04-12 15:18:04 [restartedMain] INFO  com.zaxxer.hikari.HikariDataSource - HikariPool-1 - Starting...
2024-04-12 15:18:04 [restartedMain] WARN  c.z.hikari.util.DriverDataSource - Registered driver with driverClassName=oracle.jdbc.driver.OracleDriver was not found, trying direct instantiation.
2024-04-12 15:18:04 [restartedMain] INFO  com.zaxxer.hikari.pool.PoolBase - HikariPool-1 - Driver does not support get/set network timeout for connections. (oracle.jdbc.driver.T4CConnection.getNetworkTimeout()I)
2024-04-12 15:18:04 [restartedMain] INFO  com.zaxxer.hikari.HikariDataSource - HikariPool-1 - Start completed.
2024-04-12 15:18:04 [restartedMain] WARN  o.s.b.d.a.OptionalLiveReloadServer - Unable to start LiveReload server
2024-04-12 15:18:04 [restartedMain] INFO  o.s.b.w.e.tomcat.TomcatWebServer - Tomcat started on port(s): 3001 (http) with context path ''
2024-04-12 15:18:04 [restartedMain] INFO  m.p.loansdao.LoansdaoApplication - Started LoansdaoApplication in 2.902 seconds (JVM running for 3.7)
2024-04-12 15:18:10 [File Watcher] INFO  o.s.b.d.a.LocalDevToolsAutoConfiguration$RestartingClassPathChangeChangedEventListener - Restarting due to 9 class path changes (0 additions, 9 deletions, 0 modifications)
2024-04-12 15:18:11 [Thread-2] INFO  o.a.catalina.core.StandardService - Stopping service [Tomcat]
2024-04-12 15:18:11 [Thread-2] INFO  com.zaxxer.hikari.HikariDataSource - HikariPool-1 - Shutdown initiated...
2024-04-12 15:18:11 [Thread-2] INFO  com.zaxxer.hikari.HikariDataSource - HikariPool-1 - Shutdown completed.
2024-04-12 15:18:11 [restartedMain] INFO  m.p.loansdao.LoansdaoApplication - Starting LoansdaoApplication using Java 1.8.0_292 on WPF45CTVS with PID 18852 (C:\DLTE-JAVAFULLSTACK-SHREYAMPOOJARY-2024\DLTE-Project\loansdao\target\classes started by xxpoojas in C:\DLTE-JAVAFULLSTACK-SHREYAMPOOJARY-2024\DLTE-Project\loansdao)
2024-04-12 15:18:11 [restartedMain] INFO  m.p.loansdao.LoansdaoApplication - No active profile set, falling back to 1 default profile: "default"
2024-04-12 15:18:11 [restartedMain] INFO  o.s.d.r.c.RepositoryConfigurationDelegate - Bootstrapping Spring Data JDBC repositories in DEFAULT mode.
2024-04-12 15:18:11 [restartedMain] INFO  o.s.d.r.c.RepositoryConfigurationDelegate - Finished Spring Data repository scanning in 0 ms. Found 0 JDBC repository interfaces.
2024-04-12 15:18:11 [restartedMain] INFO  o.s.c.s.PostProcessorRegistrationDelegate$BeanPostProcessorChecker - Bean 'org.springframework.ws.config.annotation.DelegatingWsConfiguration' of type [org.springframework.ws.config.annotation.DelegatingWsConfiguration$$EnhancerBySpringCGLIB$$ef85ab9] is not eligible for getting processed by all BeanPostProcessors (for example: not eligible for auto-proxying)
2024-04-12 15:18:11 [restartedMain] INFO  o.s.w.s.a.s.AnnotationActionEndpointMapping - Supporting [WS-Addressing August 2004, WS-Addressing 1.0]
2024-04-12 15:18:11 [restartedMain] INFO  o.s.b.w.e.tomcat.TomcatWebServer - Tomcat initialized with port(s): 3001 (http)
2024-04-12 15:18:11 [restartedMain] INFO  o.a.catalina.core.StandardService - Starting service [Tomcat]
2024-04-12 15:18:11 [restartedMain] INFO  o.a.catalina.core.StandardEngine - Starting Servlet engine: [Apache Tomcat/9.0.73]
2024-04-12 15:18:11 [restartedMain] INFO  o.a.c.c.C.[Tomcat].[localhost].[/] - Initializing Spring embedded WebApplicationContext
2024-04-12 15:18:11 [restartedMain] INFO  o.s.b.w.s.c.ServletWebServerApplicationContext - Root WebApplicationContext: initialization completed in 331 ms
2024-04-12 15:18:11 [restartedMain] INFO  com.zaxxer.hikari.HikariDataSource - HikariPool-2 - Starting...
2024-04-12 15:18:11 [restartedMain] WARN  c.z.hikari.util.DriverDataSource - Registered driver with driverClassName=oracle.jdbc.driver.OracleDriver was not found, trying direct instantiation.
2024-04-12 15:18:11 [restartedMain] INFO  com.zaxxer.hikari.pool.PoolBase - HikariPool-2 - Driver does not support get/set network timeout for connections. (oracle.jdbc.driver.T4CConnection.getNetworkTimeout()I)
2024-04-12 15:18:11 [restartedMain] INFO  com.zaxxer.hikari.HikariDataSource - HikariPool-2 - Start completed.
2024-04-12 15:18:11 [restartedMain] WARN  o.s.b.d.a.OptionalLiveReloadServer - Unable to start LiveReload server
2024-04-12 15:18:11 [restartedMain] INFO  o.s.b.w.e.tomcat.TomcatWebServer - Tomcat started on port(s): 3001 (http) with context path ''
2024-04-12 15:18:11 [restartedMain] INFO  m.p.loansdao.LoansdaoApplication - Started LoansdaoApplication in 0.574 seconds (JVM running for 11.038)
2024-04-12 15:18:11 [restartedMain] INFO  o.s.b.d.a.ConditionEvaluationDeltaLoggingListener - Condition evaluation unchanged
2024-04-12 15:18:13 [File Watcher] INFO  o.s.b.d.a.LocalDevToolsAutoConfiguration$RestartingClassPathChangeChangedEventListener - Restarting due to 9 class path changes (9 additions, 0 deletions, 0 modifications)
2024-04-12 15:18:13 [Thread-16] INFO  o.a.catalina.core.StandardService - Stopping service [Tomcat]
2024-04-12 15:18:13 [Thread-16] INFO  com.zaxxer.hikari.HikariDataSource - HikariPool-2 - Shutdown initiated...
2024-04-12 15:18:13 [Thread-16] INFO  com.zaxxer.hikari.HikariDataSource - HikariPool-2 - Shutdown completed.
2024-04-12 15:18:13 [restartedMain] INFO  m.p.loansdao.LoansdaoApplication - Starting LoansdaoApplication using Java 1.8.0_292 on WPF45CTVS with PID 18852 (C:\DLTE-JAVAFULLSTACK-SHREYAMPOOJARY-2024\DLTE-Project\loansdao\target\classes started by xxpoojas in C:\DLTE-JAVAFULLSTACK-SHREYAMPOOJARY-2024\DLTE-Project\loansdao)
2024-04-12 15:18:13 [restartedMain] INFO  m.p.loansdao.LoansdaoApplication - No active profile set, falling back to 1 default profile: "default"
2024-04-12 15:18:13 [restartedMain] INFO  o.s.d.r.c.RepositoryConfigurationDelegate - Bootstrapping Spring Data JDBC repositories in DEFAULT mode.
2024-04-12 15:18:13 [restartedMain] INFO  o.s.d.r.c.RepositoryConfigurationDelegate - Finished Spring Data repository scanning in 5 ms. Found 0 JDBC repository interfaces.
2024-04-12 15:18:13 [restartedMain] INFO  o.s.c.s.PostProcessorRegistrationDelegate$BeanPostProcessorChecker - Bean 'org.springframework.ws.config.annotation.DelegatingWsConfiguration' of type [org.springframework.ws.config.annotation.DelegatingWsConfiguration$$EnhancerBySpringCGLIB$$ef85ab9] is not eligible for getting processed by all BeanPostProcessors (for example: not eligible for auto-proxying)
2024-04-12 15:18:13 [restartedMain] INFO  o.s.w.s.a.s.AnnotationActionEndpointMapping - Supporting [WS-Addressing August 2004, WS-Addressing 1.0]
2024-04-12 15:18:14 [restartedMain] INFO  o.s.b.w.e.tomcat.TomcatWebServer - Tomcat initialized with port(s): 3001 (http)
2024-04-12 15:18:14 [restartedMain] INFO  o.a.catalina.core.StandardService - Starting service [Tomcat]
2024-04-12 15:18:14 [restartedMain] INFO  o.a.catalina.core.StandardEngine - Starting Servlet engine: [Apache Tomcat/9.0.73]
2024-04-12 15:18:14 [restartedMain] INFO  o.a.c.c.C.[Tomcat].[localhost].[/] - Initializing Spring embedded WebApplicationContext
2024-04-12 15:18:14 [restartedMain] INFO  o.s.b.w.s.c.ServletWebServerApplicationContext - Root WebApplicationContext: initialization completed in 398 ms
2024-04-12 15:18:14 [restartedMain] INFO  com.zaxxer.hikari.HikariDataSource - HikariPool-3 - Starting...
2024-04-12 15:18:14 [restartedMain] WARN  c.z.hikari.util.DriverDataSource - Registered driver with driverClassName=oracle.jdbc.driver.OracleDriver was not found, trying direct instantiation.
2024-04-12 15:18:14 [restartedMain] INFO  com.zaxxer.hikari.pool.PoolBase - HikariPool-3 - Driver does not support get/set network timeout for connections. (oracle.jdbc.driver.T4CConnection.getNetworkTimeout()I)
2024-04-12 15:18:14 [restartedMain] INFO  com.zaxxer.hikari.HikariDataSource - HikariPool-3 - Start completed.
2024-04-12 15:18:14 [restartedMain] WARN  o.s.b.d.a.OptionalLiveReloadServer - Unable to start LiveReload server
2024-04-12 15:18:14 [restartedMain] INFO  o.s.b.w.e.tomcat.TomcatWebServer - Tomcat started on port(s): 3001 (http) with context path ''
2024-04-12 15:18:14 [restartedMain] INFO  m.p.loansdao.LoansdaoApplication - Started LoansdaoApplication in 0.749 seconds (JVM running for 13.599)
2024-04-12 15:18:14 [restartedMain] INFO  o.s.b.d.a.ConditionEvaluationDeltaLoggingListener - Condition evaluation unchanged
2024-04-12 15:18:22 [restartedMain] INFO  m.p.loansdao.LoansdaoApplication - Starting LoansdaoApplication using Java 1.8.0_292 on WPF45CTVS with PID 27068 (C:\DLTE-JAVAFULLSTACK-SHREYAMPOOJARY-2024\DLTE-Project\loansdao\target\classes started by xxpoojas in C:\DLTE-JAVAFULLSTACK-SHREYAMPOOJARY-2024\DLTE-Project\loansdao)
2024-04-12 15:18:22 [restartedMain] INFO  m.p.loansdao.LoansdaoApplication - No active profile set, falling back to 1 default profile: "default"
2024-04-12 15:18:22 [restartedMain] INFO  o.s.b.d.restart.ChangeableUrls - The Class-Path manifest attribute in C:\Users\xxpoojas\.m2\repository\com\oracle\database\security\oraclepki\21.5.0.0\oraclepki-21.5.0.0.jar referenced one or more files that do not exist: file:/C:/Users/xxpoojas/.m2/repository/com/oracle/database/security/oraclepki/21.5.0.0/osdt_core.jar,file:/C:/Users/xxpoojas/.m2/repository/com/oracle/database/security/oraclepki/21.5.0.0/osdt_cert.jar,file:/C:/Users/xxpoojas/.m2/repository/com/oracle/database/security/oraclepki/oracle.osdt/osdt_core.jar,file:/C:/Users/xxpoojas/.m2/repository/com/oracle/database/security/oraclepki/oracle.osdt/osdt_cert.jar
2024-04-12 15:18:22 [restartedMain] INFO  o.s.b.d.e.DevToolsPropertyDefaultsPostProcessor - Devtools property defaults active! Set 'spring.devtools.add-properties' to 'false' to disable
2024-04-12 15:18:22 [restartedMain] INFO  o.s.b.d.e.DevToolsPropertyDefaultsPostProcessor - For additional web related logging consider setting the 'logging.level.web' property to 'DEBUG'
2024-04-12 15:18:23 [restartedMain] INFO  o.s.d.r.c.RepositoryConfigurationDelegate - Bootstrapping Spring Data JDBC repositories in DEFAULT mode.
2024-04-12 15:18:23 [restartedMain] INFO  o.s.d.r.c.RepositoryConfigurationDelegate - Finished Spring Data repository scanning in 9 ms. Found 0 JDBC repository interfaces.
2024-04-12 15:18:24 [restartedMain] INFO  o.s.c.s.PostProcessorRegistrationDelegate$BeanPostProcessorChecker - Bean 'org.springframework.ws.config.annotation.DelegatingWsConfiguration' of type [org.springframework.ws.config.annotation.DelegatingWsConfiguration$$EnhancerBySpringCGLIB$$f02cd666] is not eligible for getting processed by all BeanPostProcessors (for example: not eligible for auto-proxying)
2024-04-12 15:18:24 [restartedMain] INFO  o.s.w.s.a.s.AnnotationActionEndpointMapping - Supporting [WS-Addressing August 2004, WS-Addressing 1.0]
2024-04-12 15:18:24 [restartedMain] INFO  o.s.b.w.e.tomcat.TomcatWebServer - Tomcat initialized with port(s): 3001 (http)
2024-04-12 15:18:24 [restartedMain] INFO  o.a.catalina.core.StandardService - Starting service [Tomcat]
2024-04-12 15:18:24 [restartedMain] INFO  o.a.catalina.core.StandardEngine - Starting Servlet engine: [Apache Tomcat/9.0.73]
2024-04-12 15:18:24 [restartedMain] INFO  o.a.c.c.C.[Tomcat].[localhost].[/] - Initializing Spring embedded WebApplicationContext
2024-04-12 15:18:24 [restartedMain] INFO  o.s.b.w.s.c.ServletWebServerApplicationContext - Root WebApplicationContext: initialization completed in 1679 ms
2024-04-12 15:18:25 [restartedMain] INFO  com.zaxxer.hikari.HikariDataSource - HikariPool-1 - Starting...
2024-04-12 15:18:25 [restartedMain] WARN  c.z.hikari.util.DriverDataSource - Registered driver with driverClassName=oracle.jdbc.driver.OracleDriver was not found, trying direct instantiation.
2024-04-12 15:18:25 [restartedMain] INFO  com.zaxxer.hikari.pool.PoolBase - HikariPool-1 - Driver does not support get/set network timeout for connections. (oracle.jdbc.driver.T4CConnection.getNetworkTimeout()I)
2024-04-12 15:18:25 [restartedMain] INFO  com.zaxxer.hikari.HikariDataSource - HikariPool-1 - Start completed.
2024-04-12 15:18:25 [restartedMain] WARN  o.s.b.d.a.OptionalLiveReloadServer - Unable to start LiveReload server
2024-04-12 15:18:25 [restartedMain] INFO  o.s.b.w.e.tomcat.TomcatWebServer - Tomcat started on port(s): 3001 (http) with context path ''
2024-04-12 15:18:25 [restartedMain] INFO  m.p.loansdao.LoansdaoApplication - Started LoansdaoApplication in 2.817 seconds (JVM running for 3.567)
2024-04-12 15:21:59 [restartedMain] INFO  m.p.loansdao.LoansdaoApplication - Starting LoansdaoApplication using Java 1.8.0_292 on WPF45CTVS with PID 30184 (C:\DLTE-JAVAFULLSTACK-SHREYAMPOOJARY-2024\DLTE-Project\loansdao\target\classes started by xxpoojas in C:\DLTE-JAVAFULLSTACK-SHREYAMPOOJARY-2024\DLTE-Project\loansdao)
2024-04-12 15:21:59 [restartedMain] INFO  m.p.loansdao.LoansdaoApplication - No active profile set, falling back to 1 default profile: "default"
2024-04-12 15:21:59 [restartedMain] INFO  o.s.b.d.restart.ChangeableUrls - The Class-Path manifest attribute in C:\Users\xxpoojas\.m2\repository\com\oracle\database\security\oraclepki\21.5.0.0\oraclepki-21.5.0.0.jar referenced one or more files that do not exist: file:/C:/Users/xxpoojas/.m2/repository/com/oracle/database/security/oraclepki/21.5.0.0/osdt_core.jar,file:/C:/Users/xxpoojas/.m2/repository/com/oracle/database/security/oraclepki/21.5.0.0/osdt_cert.jar,file:/C:/Users/xxpoojas/.m2/repository/com/oracle/database/security/oraclepki/oracle.osdt/osdt_core.jar,file:/C:/Users/xxpoojas/.m2/repository/com/oracle/database/security/oraclepki/oracle.osdt/osdt_cert.jar
2024-04-12 15:21:59 [restartedMain] INFO  o.s.b.d.e.DevToolsPropertyDefaultsPostProcessor - Devtools property defaults active! Set 'spring.devtools.add-properties' to 'false' to disable
2024-04-12 15:21:59 [restartedMain] INFO  o.s.b.d.e.DevToolsPropertyDefaultsPostProcessor - For additional web related logging consider setting the 'logging.level.web' property to 'DEBUG'
2024-04-12 15:22:00 [restartedMain] INFO  o.s.d.r.c.RepositoryConfigurationDelegate - Bootstrapping Spring Data JDBC repositories in DEFAULT mode.
2024-04-12 15:22:00 [restartedMain] INFO  o.s.d.r.c.RepositoryConfigurationDelegate - Finished Spring Data repository scanning in 11 ms. Found 0 JDBC repository interfaces.
2024-04-12 15:22:00 [restartedMain] INFO  o.s.c.s.PostProcessorRegistrationDelegate$BeanPostProcessorChecker - Bean 'org.springframework.ws.config.annotation.DelegatingWsConfiguration' of type [org.springframework.ws.config.annotation.DelegatingWsConfiguration$$EnhancerBySpringCGLIB$$ecbd4252] is not eligible for getting processed by all BeanPostProcessors (for example: not eligible for auto-proxying)
2024-04-12 15:22:00 [restartedMain] INFO  o.s.w.s.a.s.AnnotationActionEndpointMapping - Supporting [WS-Addressing August 2004, WS-Addressing 1.0]
2024-04-12 15:22:01 [restartedMain] INFO  o.s.b.w.e.tomcat.TomcatWebServer - Tomcat initialized with port(s): 3001 (http)
2024-04-12 15:22:01 [restartedMain] INFO  o.a.catalina.core.StandardService - Starting service [Tomcat]
2024-04-12 15:22:01 [restartedMain] INFO  o.a.catalina.core.StandardEngine - Starting Servlet engine: [Apache Tomcat/9.0.73]
2024-04-12 15:22:01 [restartedMain] INFO  o.a.c.c.C.[Tomcat].[localhost].[/] - Initializing Spring embedded WebApplicationContext
2024-04-12 15:22:01 [restartedMain] INFO  o.s.b.w.s.c.ServletWebServerApplicationContext - Root WebApplicationContext: initialization completed in 1597 ms
2024-04-12 15:22:01 [restartedMain] INFO  com.zaxxer.hikari.HikariDataSource - HikariPool-1 - Starting...
2024-04-12 15:22:01 [restartedMain] WARN  c.z.hikari.util.DriverDataSource - Registered driver with driverClassName=oracle.jdbc.driver.OracleDriver was not found, trying direct instantiation.
2024-04-12 15:22:01 [restartedMain] INFO  com.zaxxer.hikari.pool.PoolBase - HikariPool-1 - Driver does not support get/set network timeout for connections. (oracle.jdbc.driver.T4CConnection.getNetworkTimeout()I)
2024-04-12 15:22:01 [restartedMain] INFO  com.zaxxer.hikari.HikariDataSource - HikariPool-1 - Start completed.
2024-04-12 15:22:01 [restartedMain] WARN  o.s.b.d.a.OptionalLiveReloadServer - Unable to start LiveReload server
2024-04-12 15:22:01 [restartedMain] WARN  o.s.b.w.s.c.AnnotationConfigServletWebServerApplicationContext - Exception encountered during context initialization - cancelling refresh attempt: org.springframework.context.ApplicationContextException: Failed to start bean 'webServerStartStop'; nested exception is org.springframework.boot.web.server.PortInUseException: Port 3001 is already in use
2024-04-12 15:22:01 [restartedMain] INFO  com.zaxxer.hikari.HikariDataSource - HikariPool-1 - Shutdown initiated...
2024-04-12 15:22:01 [restartedMain] INFO  com.zaxxer.hikari.HikariDataSource - HikariPool-1 - Shutdown completed.
2024-04-12 15:22:01 [restartedMain] INFO  o.a.catalina.core.StandardService - Stopping service [Tomcat]
2024-04-12 15:22:01 [restartedMain] INFO  o.s.b.a.l.ConditionEvaluationReportLoggingListener - 

Error starting ApplicationContext. To display the conditions report re-run your application with 'debug' enabled.
2024-04-12 15:22:01 [restartedMain] ERROR o.s.b.d.LoggingFailureAnalysisReporter - 

***************************
APPLICATION FAILED TO START
***************************

Description:

Web server failed to start. Port 3001 was already in use.

Action:

Identify and stop the process that's listening on port 3001 or configure this application to listen on another port.

2024-04-12 15:23:35 [restartedMain] INFO  m.p.loansdao.LoansdaoApplication - Starting LoansdaoApplication using Java 1.8.0_292 on WPF45CTVS with PID 19292 (C:\DLTE-JAVAFULLSTACK-SHREYAMPOOJARY-2024\DLTE-Project\loansdao\target\classes started by xxpoojas in C:\DLTE-JAVAFULLSTACK-SHREYAMPOOJARY-2024\DLTE-Project\loansdao)
2024-04-12 15:23:35 [restartedMain] INFO  m.p.loansdao.LoansdaoApplication - No active profile set, falling back to 1 default profile: "default"
2024-04-12 15:23:35 [restartedMain] INFO  o.s.b.d.restart.ChangeableUrls - The Class-Path manifest attribute in C:\Users\xxpoojas\.m2\repository\com\oracle\database\security\oraclepki\21.5.0.0\oraclepki-21.5.0.0.jar referenced one or more files that do not exist: file:/C:/Users/xxpoojas/.m2/repository/com/oracle/database/security/oraclepki/21.5.0.0/osdt_core.jar,file:/C:/Users/xxpoojas/.m2/repository/com/oracle/database/security/oraclepki/21.5.0.0/osdt_cert.jar,file:/C:/Users/xxpoojas/.m2/repository/com/oracle/database/security/oraclepki/oracle.osdt/osdt_core.jar,file:/C:/Users/xxpoojas/.m2/repository/com/oracle/database/security/oraclepki/oracle.osdt/osdt_cert.jar
2024-04-12 15:23:35 [restartedMain] INFO  o.s.b.d.e.DevToolsPropertyDefaultsPostProcessor - Devtools property defaults active! Set 'spring.devtools.add-properties' to 'false' to disable
2024-04-12 15:23:35 [restartedMain] INFO  o.s.b.d.e.DevToolsPropertyDefaultsPostProcessor - For additional web related logging consider setting the 'logging.level.web' property to 'DEBUG'
2024-04-12 15:23:35 [restartedMain] INFO  o.s.d.r.c.RepositoryConfigurationDelegate - Bootstrapping Spring Data JDBC repositories in DEFAULT mode.
2024-04-12 15:23:35 [restartedMain] INFO  o.s.d.r.c.RepositoryConfigurationDelegate - Finished Spring Data repository scanning in 7 ms. Found 0 JDBC repository interfaces.
2024-04-12 15:23:36 [restartedMain] INFO  o.s.c.s.PostProcessorRegistrationDelegate$BeanPostProcessorChecker - Bean 'org.springframework.ws.config.annotation.DelegatingWsConfiguration' of type [org.springframework.ws.config.annotation.DelegatingWsConfiguration$$EnhancerBySpringCGLIB$$ef85ab9] is not eligible for getting processed by all BeanPostProcessors (for example: not eligible for auto-proxying)
2024-04-12 15:23:36 [restartedMain] INFO  o.s.w.s.a.s.AnnotationActionEndpointMapping - Supporting [WS-Addressing August 2004, WS-Addressing 1.0]
2024-04-12 15:23:36 [restartedMain] INFO  o.s.b.w.e.tomcat.TomcatWebServer - Tomcat initialized with port(s): 3001 (http)
2024-04-12 15:23:36 [restartedMain] INFO  o.a.catalina.core.StandardService - Starting service [Tomcat]
2024-04-12 15:23:36 [restartedMain] INFO  o.a.catalina.core.StandardEngine - Starting Servlet engine: [Apache Tomcat/9.0.73]
2024-04-12 15:23:36 [restartedMain] INFO  o.a.c.c.C.[Tomcat].[localhost].[/] - Initializing Spring embedded WebApplicationContext
2024-04-12 15:23:36 [restartedMain] INFO  o.s.b.w.s.c.ServletWebServerApplicationContext - Root WebApplicationContext: initialization completed in 1106 ms
2024-04-12 15:23:36 [restartedMain] INFO  com.zaxxer.hikari.HikariDataSource - HikariPool-1 - Starting...
2024-04-12 15:23:36 [restartedMain] WARN  c.z.hikari.util.DriverDataSource - Registered driver with driverClassName=oracle.jdbc.driver.OracleDriver was not found, trying direct instantiation.
2024-04-12 15:23:36 [restartedMain] INFO  com.zaxxer.hikari.pool.PoolBase - HikariPool-1 - Driver does not support get/set network timeout for connections. (oracle.jdbc.driver.T4CConnection.getNetworkTimeout()I)
2024-04-12 15:23:36 [restartedMain] INFO  com.zaxxer.hikari.HikariDataSource - HikariPool-1 - Start completed.
2024-04-12 15:23:36 [restartedMain] WARN  o.s.b.d.a.OptionalLiveReloadServer - Unable to start LiveReload server
2024-04-12 15:23:36 [restartedMain] INFO  o.s.b.w.e.tomcat.TomcatWebServer - Tomcat started on port(s): 3001 (http) with context path ''
2024-04-12 15:23:36 [restartedMain] INFO  m.p.loansdao.LoansdaoApplication - Started LoansdaoApplication in 2.099 seconds (JVM running for 2.889)
2024-04-12 15:24:21 [http-nio-3001-exec-1] INFO  o.a.c.c.C.[Tomcat].[localhost].[/] - Initializing Spring DispatcherServlet 'dispatcherServlet'
2024-04-12 15:24:21 [http-nio-3001-exec-1] INFO  o.s.web.servlet.DispatcherServlet - Initializing Servlet 'dispatcherServlet'
2024-04-12 15:24:21 [http-nio-3001-exec-1] INFO  o.s.web.servlet.DispatcherServlet - Completed initialization in 2 ms
2024-04-12 15:26:37 [File Watcher] INFO  o.s.b.d.a.LocalDevToolsAutoConfiguration$RestartingClassPathChangeChangedEventListener - Restarting due to 9 class path changes (0 additions, 8 deletions, 1 modification)
2024-04-12 15:26:37 [Thread-2] INFO  o.a.catalina.core.StandardService - Stopping service [Tomcat]
2024-04-12 15:26:37 [Thread-2] INFO  o.a.c.c.C.[Tomcat].[localhost].[/] - Destroying Spring FrameworkServlet 'dispatcherServlet'
2024-04-12 15:26:37 [Thread-2] INFO  com.zaxxer.hikari.HikariDataSource - HikariPool-1 - Shutdown initiated...
2024-04-12 15:26:37 [Thread-2] INFO  com.zaxxer.hikari.HikariDataSource - HikariPool-1 - Shutdown completed.
2024-04-12 15:26:37 [restartedMain] INFO  m.p.loansdao.LoansdaoApplication - Starting LoansdaoApplication using Java 1.8.0_292 on WPF45CTVS with PID 19292 (C:\DLTE-JAVAFULLSTACK-SHREYAMPOOJARY-2024\DLTE-Project\loansdao\target\classes started by xxpoojas in C:\DLTE-JAVAFULLSTACK-SHREYAMPOOJARY-2024\DLTE-Project\loansdao)
2024-04-12 15:26:37 [restartedMain] INFO  m.p.loansdao.LoansdaoApplication - No active profile set, falling back to 1 default profile: "default"
2024-04-12 15:26:38 [restartedMain] INFO  o.s.d.r.c.RepositoryConfigurationDelegate - Bootstrapping Spring Data JDBC repositories in DEFAULT mode.
2024-04-12 15:26:38 [restartedMain] INFO  o.s.d.r.c.RepositoryConfigurationDelegate - Finished Spring Data repository scanning in 2 ms. Found 0 JDBC repository interfaces.
2024-04-12 15:26:38 [restartedMain] INFO  o.s.c.s.PostProcessorRegistrationDelegate$BeanPostProcessorChecker - Bean 'org.springframework.ws.config.annotation.DelegatingWsConfiguration' of type [org.springframework.ws.config.annotation.DelegatingWsConfiguration$$EnhancerBySpringCGLIB$$ef85ab9] is not eligible for getting processed by all BeanPostProcessors (for example: not eligible for auto-proxying)
2024-04-12 15:26:38 [restartedMain] INFO  o.s.w.s.a.s.AnnotationActionEndpointMapping - Supporting [WS-Addressing August 2004, WS-Addressing 1.0]
2024-04-12 15:26:38 [restartedMain] INFO  o.s.b.w.e.tomcat.TomcatWebServer - Tomcat initialized with port(s): 3001 (http)
2024-04-12 15:26:38 [restartedMain] INFO  o.a.catalina.core.StandardService - Starting service [Tomcat]
2024-04-12 15:26:38 [restartedMain] INFO  o.a.catalina.core.StandardEngine - Starting Servlet engine: [Apache Tomcat/9.0.73]
2024-04-12 15:26:38 [restartedMain] INFO  o.a.c.c.C.[Tomcat].[localhost].[/] - Initializing Spring embedded WebApplicationContext
2024-04-12 15:26:38 [restartedMain] INFO  o.s.b.w.s.c.ServletWebServerApplicationContext - Root WebApplicationContext: initialization completed in 270 ms
2024-04-12 15:26:38 [restartedMain] INFO  com.zaxxer.hikari.HikariDataSource - HikariPool-2 - Starting...
2024-04-12 15:26:38 [restartedMain] WARN  c.z.hikari.util.DriverDataSource - Registered driver with driverClassName=oracle.jdbc.driver.OracleDriver was not found, trying direct instantiation.
2024-04-12 15:26:38 [restartedMain] INFO  com.zaxxer.hikari.pool.PoolBase - HikariPool-2 - Driver does not support get/set network timeout for connections. (oracle.jdbc.driver.T4CConnection.getNetworkTimeout()I)
2024-04-12 15:26:38 [restartedMain] INFO  com.zaxxer.hikari.HikariDataSource - HikariPool-2 - Start completed.
2024-04-12 15:26:38 [restartedMain] WARN  o.s.b.d.a.OptionalLiveReloadServer - Unable to start LiveReload server
2024-04-12 15:26:38 [restartedMain] INFO  o.s.b.w.e.tomcat.TomcatWebServer - Tomcat started on port(s): 3001 (http) with context path ''
2024-04-12 15:26:38 [restartedMain] INFO  m.p.loansdao.LoansdaoApplication - Started LoansdaoApplication in 0.449 seconds (JVM running for 184.21)
2024-04-12 15:26:38 [restartedMain] INFO  o.s.b.d.a.ConditionEvaluationDeltaLoggingListener - Condition evaluation unchanged
2024-04-12 15:26:39 [File Watcher] INFO  o.s.b.d.a.LocalDevToolsAutoConfiguration$RestartingClassPathChangeChangedEventListener - Restarting due to 8 class path changes (8 additions, 0 deletions, 0 modifications)
2024-04-12 15:26:39 [Thread-14] INFO  o.a.catalina.core.StandardService - Stopping service [Tomcat]
2024-04-12 15:26:39 [Thread-14] INFO  com.zaxxer.hikari.HikariDataSource - HikariPool-2 - Shutdown initiated...
2024-04-12 15:26:39 [Thread-14] INFO  com.zaxxer.hikari.HikariDataSource - HikariPool-2 - Shutdown completed.
2024-04-12 15:26:40 [restartedMain] INFO  m.p.loansdao.LoansdaoApplication - Starting LoansdaoApplication using Java 1.8.0_292 on WPF45CTVS with PID 19292 (C:\DLTE-JAVAFULLSTACK-SHREYAMPOOJARY-2024\DLTE-Project\loansdao\target\classes started by xxpoojas in C:\DLTE-JAVAFULLSTACK-SHREYAMPOOJARY-2024\DLTE-Project\loansdao)
2024-04-12 15:26:40 [restartedMain] INFO  m.p.loansdao.LoansdaoApplication - No active profile set, falling back to 1 default profile: "default"
2024-04-12 15:26:40 [restartedMain] INFO  o.s.d.r.c.RepositoryConfigurationDelegate - Bootstrapping Spring Data JDBC repositories in DEFAULT mode.
2024-04-12 15:26:40 [restartedMain] INFO  o.s.d.r.c.RepositoryConfigurationDelegate - Finished Spring Data repository scanning in 2 ms. Found 0 JDBC repository interfaces.
2024-04-12 15:26:40 [restartedMain] INFO  o.s.c.s.PostProcessorRegistrationDelegate$BeanPostProcessorChecker - Bean 'org.springframework.ws.config.annotation.DelegatingWsConfiguration' of type [org.springframework.ws.config.annotation.DelegatingWsConfiguration$$EnhancerBySpringCGLIB$$ef85ab9] is not eligible for getting processed by all BeanPostProcessors (for example: not eligible for auto-proxying)
2024-04-12 15:26:40 [restartedMain] INFO  o.s.w.s.a.s.AnnotationActionEndpointMapping - Supporting [WS-Addressing August 2004, WS-Addressing 1.0]
2024-04-12 15:26:40 [restartedMain] INFO  o.s.b.w.e.tomcat.TomcatWebServer - Tomcat initialized with port(s): 3001 (http)
2024-04-12 15:26:40 [restartedMain] INFO  o.a.catalina.core.StandardService - Starting service [Tomcat]
2024-04-12 15:26:40 [restartedMain] INFO  o.a.catalina.core.StandardEngine - Starting Servlet engine: [Apache Tomcat/9.0.73]
2024-04-12 15:26:40 [restartedMain] INFO  o.a.c.c.C.[Tomcat].[localhost].[/] - Initializing Spring embedded WebApplicationContext
2024-04-12 15:26:40 [restartedMain] INFO  o.s.b.w.s.c.ServletWebServerApplicationContext - Root WebApplicationContext: initialization completed in 180 ms
2024-04-12 15:26:40 [restartedMain] INFO  com.zaxxer.hikari.HikariDataSource - HikariPool-3 - Starting...
2024-04-12 15:26:40 [restartedMain] WARN  c.z.hikari.util.DriverDataSource - Registered driver with driverClassName=oracle.jdbc.driver.OracleDriver was not found, trying direct instantiation.
2024-04-12 15:26:40 [restartedMain] INFO  com.zaxxer.hikari.pool.PoolBase - HikariPool-3 - Driver does not support get/set network timeout for connections. (oracle.jdbc.driver.T4CConnection.getNetworkTimeout()I)
2024-04-12 15:26:40 [restartedMain] INFO  com.zaxxer.hikari.HikariDataSource - HikariPool-3 - Start completed.
2024-04-12 15:26:40 [restartedMain] WARN  o.s.b.d.a.OptionalLiveReloadServer - Unable to start LiveReload server
2024-04-12 15:26:40 [restartedMain] INFO  o.s.b.w.e.tomcat.TomcatWebServer - Tomcat started on port(s): 3001 (http) with context path ''
2024-04-12 15:26:40 [restartedMain] INFO  m.p.loansdao.LoansdaoApplication - Started LoansdaoApplication in 0.369 seconds (JVM running for 186.305)
2024-04-12 15:26:40 [restartedMain] INFO  o.s.b.d.a.ConditionEvaluationDeltaLoggingListener - Condition evaluation unchanged
2024-04-12 15:26:47 [restartedMain] INFO  m.p.loansdao.LoansdaoApplication - Starting LoansdaoApplication using Java 1.8.0_292 on WPF45CTVS with PID 15492 (C:\DLTE-JAVAFULLSTACK-SHREYAMPOOJARY-2024\DLTE-Project\loansdao\target\classes started by xxpoojas in C:\DLTE-JAVAFULLSTACK-SHREYAMPOOJARY-2024\DLTE-Project\loansdao)
2024-04-12 15:26:47 [restartedMain] INFO  m.p.loansdao.LoansdaoApplication - No active profile set, falling back to 1 default profile: "default"
2024-04-12 15:26:47 [restartedMain] INFO  o.s.b.d.restart.ChangeableUrls - The Class-Path manifest attribute in C:\Users\xxpoojas\.m2\repository\com\oracle\database\security\oraclepki\21.5.0.0\oraclepki-21.5.0.0.jar referenced one or more files that do not exist: file:/C:/Users/xxpoojas/.m2/repository/com/oracle/database/security/oraclepki/21.5.0.0/osdt_core.jar,file:/C:/Users/xxpoojas/.m2/repository/com/oracle/database/security/oraclepki/21.5.0.0/osdt_cert.jar,file:/C:/Users/xxpoojas/.m2/repository/com/oracle/database/security/oraclepki/oracle.osdt/osdt_core.jar,file:/C:/Users/xxpoojas/.m2/repository/com/oracle/database/security/oraclepki/oracle.osdt/osdt_cert.jar
2024-04-12 15:26:47 [restartedMain] INFO  o.s.b.d.e.DevToolsPropertyDefaultsPostProcessor - Devtools property defaults active! Set 'spring.devtools.add-properties' to 'false' to disable
2024-04-12 15:26:47 [restartedMain] INFO  o.s.b.d.e.DevToolsPropertyDefaultsPostProcessor - For additional web related logging consider setting the 'logging.level.web' property to 'DEBUG'
2024-04-12 15:26:48 [restartedMain] INFO  o.s.d.r.c.RepositoryConfigurationDelegate - Bootstrapping Spring Data JDBC repositories in DEFAULT mode.
2024-04-12 15:26:48 [restartedMain] INFO  o.s.d.r.c.RepositoryConfigurationDelegate - Finished Spring Data repository scanning in 11 ms. Found 0 JDBC repository interfaces.
2024-04-12 15:26:48 [restartedMain] INFO  o.s.c.s.PostProcessorRegistrationDelegate$BeanPostProcessorChecker - Bean 'org.springframework.ws.config.annotation.DelegatingWsConfiguration' of type [org.springframework.ws.config.annotation.DelegatingWsConfiguration$$EnhancerBySpringCGLIB$$ef85ab9] is not eligible for getting processed by all BeanPostProcessors (for example: not eligible for auto-proxying)
2024-04-12 15:26:48 [restartedMain] INFO  o.s.w.s.a.s.AnnotationActionEndpointMapping - Supporting [WS-Addressing August 2004, WS-Addressing 1.0]
2024-04-12 15:26:48 [restartedMain] INFO  o.s.b.w.e.tomcat.TomcatWebServer - Tomcat initialized with port(s): 3001 (http)
2024-04-12 15:26:48 [restartedMain] INFO  o.a.catalina.core.StandardService - Starting service [Tomcat]
2024-04-12 15:26:48 [restartedMain] INFO  o.a.catalina.core.StandardEngine - Starting Servlet engine: [Apache Tomcat/9.0.73]
2024-04-12 15:26:49 [restartedMain] INFO  o.a.c.c.C.[Tomcat].[localhost].[/] - Initializing Spring embedded WebApplicationContext
2024-04-12 15:26:49 [restartedMain] INFO  o.s.b.w.s.c.ServletWebServerApplicationContext - Root WebApplicationContext: initialization completed in 1618 ms
2024-04-12 15:26:49 [restartedMain] INFO  com.zaxxer.hikari.HikariDataSource - HikariPool-1 - Starting...
2024-04-12 15:26:49 [restartedMain] WARN  c.z.hikari.util.DriverDataSource - Registered driver with driverClassName=oracle.jdbc.driver.OracleDriver was not found, trying direct instantiation.
2024-04-12 15:26:49 [restartedMain] INFO  com.zaxxer.hikari.pool.PoolBase - HikariPool-1 - Driver does not support get/set network timeout for connections. (oracle.jdbc.driver.T4CConnection.getNetworkTimeout()I)
2024-04-12 15:26:49 [restartedMain] INFO  com.zaxxer.hikari.HikariDataSource - HikariPool-1 - Start completed.
2024-04-12 15:26:49 [restartedMain] WARN  o.s.b.d.a.OptionalLiveReloadServer - Unable to start LiveReload server
2024-04-12 15:26:49 [restartedMain] INFO  o.s.b.w.e.tomcat.TomcatWebServer - Tomcat started on port(s): 3001 (http) with context path ''
2024-04-12 15:26:49 [restartedMain] INFO  m.p.loansdao.LoansdaoApplication - Started LoansdaoApplication in 2.768 seconds (JVM running for 3.537)
2024-04-12 15:28:16 [http-nio-3001-exec-2] INFO  o.a.c.c.C.[Tomcat].[localhost].[/] - Initializing Spring DispatcherServlet 'dispatcherServlet'
2024-04-12 15:28:16 [http-nio-3001-exec-2] INFO  o.s.web.servlet.DispatcherServlet - Initializing Servlet 'dispatcherServlet'
2024-04-12 15:28:16 [http-nio-3001-exec-2] INFO  o.s.web.servlet.DispatcherServlet - Completed initialization in 0 ms
2024-04-12 15:30:11 [File Watcher] INFO  o.s.b.d.a.LocalDevToolsAutoConfiguration$RestartingClassPathChangeChangedEventListener - Restarting due to 9 class path changes (0 additions, 8 deletions, 1 modification)
2024-04-12 15:30:11 [Thread-2] INFO  o.a.catalina.core.StandardService - Stopping service [Tomcat]
2024-04-12 15:30:11 [Thread-2] INFO  o.a.c.c.C.[Tomcat].[localhost].[/] - Destroying Spring FrameworkServlet 'dispatcherServlet'
2024-04-12 15:30:11 [Thread-2] INFO  com.zaxxer.hikari.HikariDataSource - HikariPool-1 - Shutdown initiated...
2024-04-12 15:30:12 [Thread-2] INFO  com.zaxxer.hikari.HikariDataSource - HikariPool-1 - Shutdown completed.
2024-04-12 15:30:12 [restartedMain] INFO  m.p.loansdao.LoansdaoApplication - Starting LoansdaoApplication using Java 1.8.0_292 on WPF45CTVS with PID 15492 (C:\DLTE-JAVAFULLSTACK-SHREYAMPOOJARY-2024\DLTE-Project\loansdao\target\classes started by xxpoojas in C:\DLTE-JAVAFULLSTACK-SHREYAMPOOJARY-2024\DLTE-Project\loansdao)
2024-04-12 15:30:12 [restartedMain] INFO  m.p.loansdao.LoansdaoApplication - No active profile set, falling back to 1 default profile: "default"
2024-04-12 15:30:12 [restartedMain] INFO  o.s.d.r.c.RepositoryConfigurationDelegate - Bootstrapping Spring Data JDBC repositories in DEFAULT mode.
2024-04-12 15:30:12 [restartedMain] INFO  o.s.d.r.c.RepositoryConfigurationDelegate - Finished Spring Data repository scanning in 5 ms. Found 0 JDBC repository interfaces.
2024-04-12 15:30:12 [restartedMain] INFO  o.s.c.s.PostProcessorRegistrationDelegate$BeanPostProcessorChecker - Bean 'org.springframework.ws.config.annotation.DelegatingWsConfiguration' of type [org.springframework.ws.config.annotation.DelegatingWsConfiguration$$EnhancerBySpringCGLIB$$ef85ab9] is not eligible for getting processed by all BeanPostProcessors (for example: not eligible for auto-proxying)
2024-04-12 15:30:12 [restartedMain] INFO  o.s.w.s.a.s.AnnotationActionEndpointMapping - Supporting [WS-Addressing August 2004, WS-Addressing 1.0]
2024-04-12 15:30:12 [restartedMain] INFO  o.s.b.w.e.tomcat.TomcatWebServer - Tomcat initialized with port(s): 3001 (http)
2024-04-12 15:30:12 [restartedMain] INFO  o.a.catalina.core.StandardService - Starting service [Tomcat]
2024-04-12 15:30:12 [restartedMain] INFO  o.a.catalina.core.StandardEngine - Starting Servlet engine: [Apache Tomcat/9.0.73]
2024-04-12 15:30:12 [restartedMain] INFO  o.a.c.c.C.[Tomcat].[localhost].[/] - Initializing Spring embedded WebApplicationContext
2024-04-12 15:30:12 [restartedMain] INFO  o.s.b.w.s.c.ServletWebServerApplicationContext - Root WebApplicationContext: initialization completed in 300 ms
2024-04-12 15:30:12 [restartedMain] INFO  com.zaxxer.hikari.HikariDataSource - HikariPool-2 - Starting...
2024-04-12 15:30:12 [restartedMain] WARN  c.z.hikari.util.DriverDataSource - Registered driver with driverClassName=oracle.jdbc.driver.OracleDriver was not found, trying direct instantiation.
2024-04-12 15:30:12 [restartedMain] INFO  com.zaxxer.hikari.pool.PoolBase - HikariPool-2 - Driver does not support get/set network timeout for connections. (oracle.jdbc.driver.T4CConnection.getNetworkTimeout()I)
2024-04-12 15:30:12 [restartedMain] INFO  com.zaxxer.hikari.HikariDataSource - HikariPool-2 - Start completed.
2024-04-12 15:30:12 [restartedMain] WARN  o.s.b.d.a.OptionalLiveReloadServer - Unable to start LiveReload server
2024-04-12 15:30:12 [restartedMain] INFO  o.s.b.w.e.tomcat.TomcatWebServer - Tomcat started on port(s): 3001 (http) with context path ''
2024-04-12 15:30:12 [restartedMain] INFO  m.p.loansdao.LoansdaoApplication - Started LoansdaoApplication in 0.516 seconds (JVM running for 206.464)
2024-04-12 15:30:12 [restartedMain] INFO  o.s.b.d.a.ConditionEvaluationDeltaLoggingListener - Condition evaluation unchanged
2024-04-12 15:30:14 [File Watcher] INFO  o.s.b.d.a.LocalDevToolsAutoConfiguration$RestartingClassPathChangeChangedEventListener - Restarting due to 8 class path changes (8 additions, 0 deletions, 0 modifications)
2024-04-12 15:30:14 [Thread-16] INFO  o.a.catalina.core.StandardService - Stopping service [Tomcat]
2024-04-12 15:30:14 [Thread-16] INFO  com.zaxxer.hikari.HikariDataSource - HikariPool-2 - Shutdown initiated...
2024-04-12 15:30:14 [Thread-16] INFO  com.zaxxer.hikari.HikariDataSource - HikariPool-2 - Shutdown completed.
2024-04-12 15:30:14 [restartedMain] INFO  m.p.loansdao.LoansdaoApplication - Starting LoansdaoApplication using Java 1.8.0_292 on WPF45CTVS with PID 15492 (C:\DLTE-JAVAFULLSTACK-SHREYAMPOOJARY-2024\DLTE-Project\loansdao\target\classes started by xxpoojas in C:\DLTE-JAVAFULLSTACK-SHREYAMPOOJARY-2024\DLTE-Project\loansdao)
2024-04-12 15:30:14 [restartedMain] INFO  m.p.loansdao.LoansdaoApplication - No active profile set, falling back to 1 default profile: "default"
2024-04-12 15:30:14 [restartedMain] INFO  o.s.d.r.c.RepositoryConfigurationDelegate - Bootstrapping Spring Data JDBC repositories in DEFAULT mode.
2024-04-12 15:30:14 [restartedMain] INFO  o.s.d.r.c.RepositoryConfigurationDelegate - Finished Spring Data repository scanning in 6 ms. Found 0 JDBC repository interfaces.
2024-04-12 15:30:14 [restartedMain] INFO  o.s.c.s.PostProcessorRegistrationDelegate$BeanPostProcessorChecker - Bean 'org.springframework.ws.config.annotation.DelegatingWsConfiguration' of type [org.springframework.ws.config.annotation.DelegatingWsConfiguration$$EnhancerBySpringCGLIB$$ef85ab9] is not eligible for getting processed by all BeanPostProcessors (for example: not eligible for auto-proxying)
2024-04-12 15:30:14 [restartedMain] INFO  o.s.w.s.a.s.AnnotationActionEndpointMapping - Supporting [WS-Addressing August 2004, WS-Addressing 1.0]
2024-04-12 15:30:14 [restartedMain] INFO  o.s.b.w.e.tomcat.TomcatWebServer - Tomcat initialized with port(s): 3001 (http)
2024-04-12 15:30:14 [restartedMain] INFO  o.a.catalina.core.StandardService - Starting service [Tomcat]
2024-04-12 15:30:14 [restartedMain] INFO  o.a.catalina.core.StandardEngine - Starting Servlet engine: [Apache Tomcat/9.0.73]
2024-04-12 15:30:14 [restartedMain] INFO  o.a.c.c.C.[Tomcat].[localhost].[/] - Initializing Spring embedded WebApplicationContext
2024-04-12 15:30:14 [restartedMain] INFO  o.s.b.w.s.c.ServletWebServerApplicationContext - Root WebApplicationContext: initialization completed in 379 ms
2024-04-12 15:30:15 [restartedMain] INFO  com.zaxxer.hikari.HikariDataSource - HikariPool-3 - Starting...
2024-04-12 15:30:15 [restartedMain] WARN  c.z.hikari.util.DriverDataSource - Registered driver with driverClassName=oracle.jdbc.driver.OracleDriver was not found, trying direct instantiation.
2024-04-12 15:30:15 [restartedMain] INFO  com.zaxxer.hikari.pool.PoolBase - HikariPool-3 - Driver does not support get/set network timeout for connections. (oracle.jdbc.driver.T4CConnection.getNetworkTimeout()I)
2024-04-12 15:30:15 [restartedMain] INFO  com.zaxxer.hikari.HikariDataSource - HikariPool-3 - Start completed.
2024-04-12 15:30:15 [restartedMain] WARN  o.s.b.d.a.OptionalLiveReloadServer - Unable to start LiveReload server
2024-04-12 15:30:15 [restartedMain] INFO  o.s.b.w.e.tomcat.TomcatWebServer - Tomcat started on port(s): 3001 (http) with context path ''
2024-04-12 15:30:15 [restartedMain] INFO  m.p.loansdao.LoansdaoApplication - Started LoansdaoApplication in 0.829 seconds (JVM running for 209.062)
2024-04-12 15:30:15 [restartedMain] INFO  o.s.b.d.a.ConditionEvaluationDeltaLoggingListener - Condition evaluation unchanged
2024-04-12 15:30:25 [restartedMain] INFO  m.p.loansdao.LoansdaoApplication - Starting LoansdaoApplication using Java 1.8.0_292 on WPF45CTVS with PID 30076 (C:\DLTE-JAVAFULLSTACK-SHREYAMPOOJARY-2024\DLTE-Project\loansdao\target\classes started by xxpoojas in C:\DLTE-JAVAFULLSTACK-SHREYAMPOOJARY-2024\DLTE-Project\loansdao)
2024-04-12 15:30:25 [restartedMain] INFO  m.p.loansdao.LoansdaoApplication - No active profile set, falling back to 1 default profile: "default"
2024-04-12 15:30:25 [restartedMain] INFO  o.s.b.d.restart.ChangeableUrls - The Class-Path manifest attribute in C:\Users\xxpoojas\.m2\repository\com\oracle\database\security\oraclepki\21.5.0.0\oraclepki-21.5.0.0.jar referenced one or more files that do not exist: file:/C:/Users/xxpoojas/.m2/repository/com/oracle/database/security/oraclepki/21.5.0.0/osdt_core.jar,file:/C:/Users/xxpoojas/.m2/repository/com/oracle/database/security/oraclepki/21.5.0.0/osdt_cert.jar,file:/C:/Users/xxpoojas/.m2/repository/com/oracle/database/security/oraclepki/oracle.osdt/osdt_core.jar,file:/C:/Users/xxpoojas/.m2/repository/com/oracle/database/security/oraclepki/oracle.osdt/osdt_cert.jar
2024-04-12 15:30:25 [restartedMain] INFO  o.s.b.d.e.DevToolsPropertyDefaultsPostProcessor - Devtools property defaults active! Set 'spring.devtools.add-properties' to 'false' to disable
2024-04-12 15:30:25 [restartedMain] INFO  o.s.b.d.e.DevToolsPropertyDefaultsPostProcessor - For additional web related logging consider setting the 'logging.level.web' property to 'DEBUG'
2024-04-12 15:30:26 [restartedMain] INFO  o.s.d.r.c.RepositoryConfigurationDelegate - Bootstrapping Spring Data JDBC repositories in DEFAULT mode.
2024-04-12 15:30:26 [restartedMain] INFO  o.s.d.r.c.RepositoryConfigurationDelegate - Finished Spring Data repository scanning in 9 ms. Found 0 JDBC repository interfaces.
2024-04-12 15:30:26 [restartedMain] INFO  o.s.c.s.PostProcessorRegistrationDelegate$BeanPostProcessorChecker - Bean 'org.springframework.ws.config.annotation.DelegatingWsConfiguration' of type [org.springframework.ws.config.annotation.DelegatingWsConfiguration$$EnhancerBySpringCGLIB$$1d17146d] is not eligible for getting processed by all BeanPostProcessors (for example: not eligible for auto-proxying)
2024-04-12 15:30:26 [restartedMain] INFO  o.s.w.s.a.s.AnnotationActionEndpointMapping - Supporting [WS-Addressing August 2004, WS-Addressing 1.0]
2024-04-12 15:30:27 [restartedMain] INFO  o.s.b.w.e.tomcat.TomcatWebServer - Tomcat initialized with port(s): 3001 (http)
2024-04-12 15:30:27 [restartedMain] INFO  o.a.catalina.core.StandardService - Starting service [Tomcat]
2024-04-12 15:30:27 [restartedMain] INFO  o.a.catalina.core.StandardEngine - Starting Servlet engine: [Apache Tomcat/9.0.73]
2024-04-12 15:30:27 [restartedMain] INFO  o.a.c.c.C.[Tomcat].[localhost].[/] - Initializing Spring embedded WebApplicationContext
2024-04-12 15:30:27 [restartedMain] INFO  o.s.b.w.s.c.ServletWebServerApplicationContext - Root WebApplicationContext: initialization completed in 1788 ms
2024-04-12 15:30:27 [restartedMain] INFO  com.zaxxer.hikari.HikariDataSource - HikariPool-1 - Starting...
2024-04-12 15:30:27 [restartedMain] WARN  c.z.hikari.util.DriverDataSource - Registered driver with driverClassName=oracle.jdbc.driver.OracleDriver was not found, trying direct instantiation.
2024-04-12 15:30:27 [restartedMain] INFO  com.zaxxer.hikari.pool.PoolBase - HikariPool-1 - Driver does not support get/set network timeout for connections. (oracle.jdbc.driver.T4CConnection.getNetworkTimeout()I)
2024-04-12 15:30:27 [restartedMain] INFO  com.zaxxer.hikari.HikariDataSource - HikariPool-1 - Start completed.
2024-04-12 15:30:27 [restartedMain] WARN  o.s.b.d.a.OptionalLiveReloadServer - Unable to start LiveReload server
2024-04-12 15:30:27 [restartedMain] INFO  o.s.b.w.e.tomcat.TomcatWebServer - Tomcat started on port(s): 3001 (http) with context path ''
2024-04-12 15:30:27 [restartedMain] INFO  m.p.loansdao.LoansdaoApplication - Started LoansdaoApplication in 3.353 seconds (JVM running for 5.001)
