2024-04-25 09:22:38 [main] INFO  m.p.webservice.WebserviceApplication - Starting WebserviceApplication using Java 1.8.0_292 on WPF45CTVS with PID 26108 (C:\DLTE-JAVAFULLSTACK-SHREYAMPOOJARY-2024\DLTE-Project\soapwebservice\target\classes started by xxpoojas in C:\DLTE-JAVAFULLSTACK-SHREYAMPOOJARY-2024\DLTE-Project\soapwebservice)
2024-04-25 09:22:38 [main] INFO  m.p.webservice.WebserviceApplication - No active profile set, falling back to 1 default profile: "default"
2024-04-25 09:22:39 [main] INFO  o.s.d.r.c.RepositoryConfigurationDelegate - Bootstrapping Spring Data JDBC repositories in DEFAULT mode.
2024-04-25 09:22:39 [main] INFO  o.s.d.r.c.RepositoryConfigurationDelegate - Finished Spring Data repository scanning in 12 ms. Found 0 JDBC repository interfaces.
2024-04-25 09:22:40 [main] INFO  o.s.c.s.PostProcessorRegistrationDelegate$BeanPostProcessorChecker - Bean 'soapServiceConfiguration' of type [mybank.project.webservice.Configs.SoapServiceConfiguration$$EnhancerBySpringCGLIB$$744f3ccf] is not eligible for getting processed by all BeanPostProcessors (for example: not eligible for auto-proxying)
2024-04-25 09:22:40 [main] INFO  o.s.c.s.PostProcessorRegistrationDelegate$BeanPostProcessorChecker - Bean 'org.springframework.ws.config.annotation.DelegatingWsConfiguration' of type [org.springframework.ws.config.annotation.DelegatingWsConfiguration$$EnhancerBySpringCGLIB$$3279806e] is not eligible for getting processed by all BeanPostProcessors (for example: not eligible for auto-proxying)
2024-04-25 09:22:40 [main] INFO  o.s.w.s.a.s.AnnotationActionEndpointMapping - Supporting [WS-Addressing August 2004, WS-Addressing 1.0]
2024-04-25 09:22:40 [main] INFO  o.s.b.w.e.tomcat.TomcatWebServer - Tomcat initialized with port(s): 3002 (http)
2024-04-25 09:22:40 [main] INFO  o.a.catalina.core.StandardService - Starting service [Tomcat]
2024-04-25 09:22:40 [main] INFO  o.a.catalina.core.StandardEngine - Starting Servlet engine: [Apache Tomcat/9.0.73]
2024-04-25 09:22:40 [main] INFO  o.a.c.c.C.[Tomcat].[localhost].[/] - Initializing Spring embedded WebApplicationContext
2024-04-25 09:22:40 [main] INFO  o.s.b.w.s.c.ServletWebServerApplicationContext - Root WebApplicationContext: initialization completed in 2071 ms
2024-04-25 09:22:41 [main] INFO  o.s.s.web.DefaultSecurityFilterChain - Will secure any request with [org.springframework.security.web.session.DisableEncodeUrlFilter@e9ef5b6, org.springframework.security.web.context.request.async.WebAsyncManagerIntegrationFilter@5300cac, org.springframework.security.web.context.SecurityContextPersistenceFilter@5b22d8a1, org.springframework.security.web.header.HeaderWriterFilter@49122b8f, org.springframework.web.filter.CorsFilter@4110765e, org.springframework.security.web.authentication.logout.LogoutFilter@5d51e129, org.springframework.security.web.authentication.UsernamePasswordAuthenticationFilter@6c9320c2, org.springframework.security.web.authentication.ui.DefaultLoginPageGeneratingFilter@6f3e19b3, org.springframework.security.web.authentication.ui.DefaultLogoutPageGeneratingFilter@1ba359bd, org.springframework.security.web.authentication.www.BasicAuthenticationFilter@743e66f7, org.springframework.security.web.savedrequest.RequestCacheAwareFilter@59ed3e6c, org.springframework.security.web.servletapi.SecurityContextHolderAwareRequestFilter@317e9c3c, org.springframework.security.web.authentication.AnonymousAuthenticationFilter@62e93c3a, org.springframework.security.web.session.SessionManagementFilter@4beabeec, org.springframework.security.web.access.ExceptionTranslationFilter@22e5f96e, org.springframework.security.web.access.intercept.FilterSecurityInterceptor@6726cc69]
2024-04-25 09:22:41 [main] INFO  com.zaxxer.hikari.HikariDataSource - HikariPool-1 - Starting...
2024-04-25 09:22:41 [main] WARN  c.z.hikari.util.DriverDataSource - Registered driver with driverClassName=oracle.jdbc.driver.OracleDriver was not found, trying direct instantiation.
2024-04-25 09:22:41 [main] INFO  com.zaxxer.hikari.pool.PoolBase - HikariPool-1 - Driver does not support get/set network timeout for connections. (oracle.jdbc.driver.T4CConnection.getNetworkTimeout()I)
2024-04-25 09:22:41 [main] INFO  com.zaxxer.hikari.HikariDataSource - HikariPool-1 - Start completed.
2024-04-25 09:22:42 [main] INFO  o.s.b.w.e.tomcat.TomcatWebServer - Tomcat started on port(s): 3002 (http) with context path ''
2024-04-25 09:22:42 [main] INFO  m.p.webservice.WebserviceApplication - Started WebserviceApplication in 4.168 seconds (JVM running for 5.173)
2024-04-25 09:25:49 [main] INFO  m.p.webservice.WebserviceApplication - Starting WebserviceApplication using Java 1.8.0_292 on WPF45CTVS with PID 25816 (C:\DLTE-JAVAFULLSTACK-SHREYAMPOOJARY-2024\DLTE-Project\soapwebservice\target\classes started by xxpoojas in C:\DLTE-JAVAFULLSTACK-SHREYAMPOOJARY-2024\DLTE-Project\soapwebservice)
2024-04-25 09:25:49 [main] INFO  m.p.webservice.WebserviceApplication - No active profile set, falling back to 1 default profile: "default"
2024-04-25 09:25:50 [main] INFO  o.s.d.r.c.RepositoryConfigurationDelegate - Bootstrapping Spring Data JDBC repositories in DEFAULT mode.
2024-04-25 09:25:50 [main] INFO  o.s.d.r.c.RepositoryConfigurationDelegate - Finished Spring Data repository scanning in 8 ms. Found 0 JDBC repository interfaces.
2024-04-25 09:25:50 [main] INFO  o.s.c.s.PostProcessorRegistrationDelegate$BeanPostProcessorChecker - Bean 'soapServiceConfiguration' of type [mybank.project.webservice.Configs.SoapServiceConfiguration$$EnhancerBySpringCGLIB$$d712b38d] is not eligible for getting processed by all BeanPostProcessors (for example: not eligible for auto-proxying)
2024-04-25 09:25:50 [main] INFO  o.s.c.s.PostProcessorRegistrationDelegate$BeanPostProcessorChecker - Bean 'org.springframework.ws.config.annotation.DelegatingWsConfiguration' of type [org.springframework.ws.config.annotation.DelegatingWsConfiguration$$EnhancerBySpringCGLIB$$953cf72c] is not eligible for getting processed by all BeanPostProcessors (for example: not eligible for auto-proxying)
2024-04-25 09:25:50 [main] INFO  o.s.w.s.a.s.AnnotationActionEndpointMapping - Supporting [WS-Addressing August 2004, WS-Addressing 1.0]
2024-04-25 09:25:50 [main] INFO  o.s.b.w.e.tomcat.TomcatWebServer - Tomcat initialized with port(s): 3002 (http)
2024-04-25 09:25:50 [main] INFO  o.a.catalina.core.StandardService - Starting service [Tomcat]
2024-04-25 09:25:50 [main] INFO  o.a.catalina.core.StandardEngine - Starting Servlet engine: [Apache Tomcat/9.0.73]
2024-04-25 09:25:51 [main] INFO  o.a.c.c.C.[Tomcat].[localhost].[/] - Initializing Spring embedded WebApplicationContext
2024-04-25 09:25:51 [main] INFO  o.s.b.w.s.c.ServletWebServerApplicationContext - Root WebApplicationContext: initialization completed in 1308 ms
2024-04-25 09:25:51 [main] INFO  o.s.s.web.DefaultSecurityFilterChain - Will secure any request with [org.springframework.security.web.session.DisableEncodeUrlFilter@5292ceca, org.springframework.security.web.context.request.async.WebAsyncManagerIntegrationFilter@13d9261f, org.springframework.security.web.context.SecurityContextPersistenceFilter@4beabeec, org.springframework.security.web.header.HeaderWriterFilter@6c931d35, org.springframework.web.filter.CorsFilter@e9ef5b6, org.springframework.security.web.authentication.logout.LogoutFilter@360bc645, org.springframework.security.web.authentication.UsernamePasswordAuthenticationFilter@1d23ff23, org.springframework.security.web.authentication.ui.DefaultLoginPageGeneratingFilter@2dd2e270, org.springframework.security.web.authentication.ui.DefaultLogoutPageGeneratingFilter@5300cac, org.springframework.security.web.authentication.www.BasicAuthenticationFilter@2a331b46, org.springframework.security.web.savedrequest.RequestCacheAwareFilter@5b22d8a1, org.springframework.security.web.servletapi.SecurityContextHolderAwareRequestFilter@59ed3e6c, org.springframework.security.web.authentication.AnonymousAuthenticationFilter@4110765e, org.springframework.security.web.session.SessionManagementFilter@49122b8f, org.springframework.security.web.access.ExceptionTranslationFilter@2ba5aa7a, org.springframework.security.web.access.intercept.FilterSecurityInterceptor@72f8ae0c]
2024-04-25 09:25:51 [main] INFO  com.zaxxer.hikari.HikariDataSource - HikariPool-1 - Starting...
2024-04-25 09:25:51 [main] WARN  c.z.hikari.util.DriverDataSource - Registered driver with driverClassName=oracle.jdbc.driver.OracleDriver was not found, trying direct instantiation.
2024-04-25 09:25:52 [main] INFO  com.zaxxer.hikari.pool.PoolBase - HikariPool-1 - Driver does not support get/set network timeout for connections. (oracle.jdbc.driver.T4CConnection.getNetworkTimeout()I)
2024-04-25 09:25:52 [main] INFO  com.zaxxer.hikari.HikariDataSource - HikariPool-1 - Start completed.
2024-04-25 09:25:52 [main] INFO  o.s.b.w.e.tomcat.TomcatWebServer - Tomcat started on port(s): 3002 (http) with context path ''
2024-04-25 09:25:52 [main] INFO  m.p.webservice.WebserviceApplication - Started WebserviceApplication in 2.761 seconds (JVM running for 3.413)
