2024-04-24 08:56:48 [HikariPool-1 housekeeper] WARN  com.zaxxer.hikari.pool.HikariPool - HikariPool-1 - Thread starvation or clock leap detected (housekeeper delta=3h18m56s926ms28µs400ns).
2024-04-24 10:49:10 [HikariPool-1 housekeeper] WARN  com.zaxxer.hikari.pool.HikariPool - HikariPool-1 - Thread starvation or clock leap detected (housekeeper delta=18m20s209ms74µs500ns).
2024-04-24 11:46:02 [HikariPool-1 housekeeper] WARN  com.zaxxer.hikari.pool.HikariPool - HikariPool-1 - Thread starvation or clock leap detected (housekeeper delta=4m51s615ms779µs).
2024-04-24 13:06:39 [restartedMain] INFO  m.p.loansdao.LoansdaoApplication - Starting LoansdaoApplication using Java 1.8.0_292 on WPF45CTVS with PID 28416 (C:\DLTE-JAVAFULLSTACK-SHREYAMPOOJARY-2024\DLTE-spring\loansdao\target\classes started by xxpoojas in C:\DLTE-JAVAFULLSTACK-SHREYAMPOOJARY-2024\DLTE-spring\loansdao)
2024-04-24 13:06:39 [restartedMain] INFO  m.p.loansdao.LoansdaoApplication - No active profile set, falling back to 1 default profile: "default"
2024-04-24 13:06:39 [restartedMain] INFO  o.s.b.d.restart.ChangeableUrls - The Class-Path manifest attribute in C:\Users\xxpoojas\.m2\repository\com\oracle\database\security\oraclepki\21.5.0.0\oraclepki-21.5.0.0.jar referenced one or more files that do not exist: file:/C:/Users/xxpoojas/.m2/repository/com/oracle/database/security/oraclepki/21.5.0.0/osdt_core.jar,file:/C:/Users/xxpoojas/.m2/repository/com/oracle/database/security/oraclepki/21.5.0.0/osdt_cert.jar,file:/C:/Users/xxpoojas/.m2/repository/com/oracle/database/security/oraclepki/oracle.osdt/osdt_core.jar,file:/C:/Users/xxpoojas/.m2/repository/com/oracle/database/security/oraclepki/oracle.osdt/osdt_cert.jar
2024-04-24 13:06:39 [restartedMain] INFO  o.s.b.d.e.DevToolsPropertyDefaultsPostProcessor - Devtools property defaults active! Set 'spring.devtools.add-properties' to 'false' to disable
2024-04-24 13:06:39 [restartedMain] INFO  o.s.b.d.e.DevToolsPropertyDefaultsPostProcessor - For additional web related logging consider setting the 'logging.level.web' property to 'DEBUG'
2024-04-24 13:06:39 [restartedMain] INFO  o.s.d.r.c.RepositoryConfigurationDelegate - Bootstrapping Spring Data JDBC repositories in DEFAULT mode.
2024-04-24 13:06:39 [restartedMain] INFO  o.s.d.r.c.RepositoryConfigurationDelegate - Finished Spring Data repository scanning in 12 ms. Found 0 JDBC repository interfaces.
2024-04-24 13:06:40 [restartedMain] INFO  o.s.c.s.PostProcessorRegistrationDelegate$BeanPostProcessorChecker - Bean 'org.springframework.ws.config.annotation.DelegatingWsConfiguration' of type [org.springframework.ws.config.annotation.DelegatingWsConfiguration$$EnhancerBySpringCGLIB$$58583d9b] is not eligible for getting processed by all BeanPostProcessors (for example: not eligible for auto-proxying)
2024-04-24 13:06:40 [restartedMain] INFO  o.s.w.s.a.s.AnnotationActionEndpointMapping - Supporting [WS-Addressing August 2004, WS-Addressing 1.0]
2024-04-24 13:06:40 [restartedMain] INFO  o.s.b.w.e.tomcat.TomcatWebServer - Tomcat initialized with port(s): 3001 (http)
2024-04-24 13:06:40 [restartedMain] INFO  o.a.catalina.core.StandardService - Starting service [Tomcat]
2024-04-24 13:06:40 [restartedMain] INFO  o.a.catalina.core.StandardEngine - Starting Servlet engine: [Apache Tomcat/9.0.73]
2024-04-24 13:06:40 [restartedMain] INFO  o.a.c.c.C.[Tomcat].[localhost].[/] - Initializing Spring embedded WebApplicationContext
2024-04-24 13:06:40 [restartedMain] INFO  o.s.b.w.s.c.ServletWebServerApplicationContext - Root WebApplicationContext: initialization completed in 1472 ms
2024-04-24 13:06:41 [restartedMain] INFO  com.zaxxer.hikari.HikariDataSource - HikariPool-1 - Starting...
2024-04-24 13:06:41 [restartedMain] WARN  c.z.hikari.util.DriverDataSource - Registered driver with driverClassName=oracle.jdbc.driver.OracleDriver was not found, trying direct instantiation.
2024-04-24 13:06:41 [restartedMain] INFO  com.zaxxer.hikari.pool.PoolBase - HikariPool-1 - Driver does not support get/set network timeout for connections. (oracle.jdbc.driver.T4CConnection.getNetworkTimeout()I)
2024-04-24 13:06:41 [restartedMain] INFO  com.zaxxer.hikari.HikariDataSource - HikariPool-1 - Start completed.
2024-04-24 13:06:41 [restartedMain] INFO  o.s.s.web.DefaultSecurityFilterChain - Will secure any request with [org.springframework.security.web.session.DisableEncodeUrlFilter@76070696, org.springframework.security.web.context.request.async.WebAsyncManagerIntegrationFilter@7e7054a8, org.springframework.security.web.context.SecurityContextPersistenceFilter@2c4e68d4, org.springframework.security.web.header.HeaderWriterFilter@4f587a10, org.springframework.security.web.csrf.CsrfFilter@4932f29, org.springframework.security.web.authentication.logout.LogoutFilter@8155f9a, org.springframework.security.web.authentication.UsernamePasswordAuthenticationFilter@68074caf, org.springframework.security.web.authentication.ui.DefaultLoginPageGeneratingFilter@501b0a1f, org.springframework.security.web.authentication.ui.DefaultLogoutPageGeneratingFilter@74200d80, org.springframework.security.web.authentication.www.BasicAuthenticationFilter@1bc0c9b0, org.springframework.security.web.savedrequest.RequestCacheAwareFilter@2f787e2c, org.springframework.security.web.servletapi.SecurityContextHolderAwareRequestFilter@e42da8, org.springframework.security.web.authentication.AnonymousAuthenticationFilter@65188aa0, org.springframework.security.web.session.SessionManagementFilter@46cc8085, org.springframework.security.web.access.ExceptionTranslationFilter@582aad62, org.springframework.security.web.access.intercept.FilterSecurityInterceptor@db2137b]
2024-04-24 13:06:41 [restartedMain] INFO  o.s.b.d.a.OptionalLiveReloadServer - LiveReload server is running on port 35729
2024-04-24 13:06:41 [restartedMain] INFO  o.s.b.w.e.tomcat.TomcatWebServer - Tomcat started on port(s): 3001 (http) with context path ''
2024-04-24 13:06:41 [restartedMain] INFO  m.p.loansdao.LoansdaoApplication - Started LoansdaoApplication in 2.675 seconds (JVM running for 3.499)
2024-04-24 15:11:21 [HikariPool-1 housekeeper] WARN  com.zaxxer.hikari.pool.HikariPool - HikariPool-1 - Thread starvation or clock leap detected (housekeeper delta=2h4m9s967ms599µs800ns).
